running egg_info
writing build/ex10/ex10.egg-info/PKG-INFO
writing dependency_links to build/ex10/ex10.egg-info/dependency_links.txt
writing entry points to build/ex10/ex10.egg-info/entry_points.txt
writing requirements to build/ex10/ex10.egg-info/requires.txt
writing top-level names to build/ex10/ex10.egg-info/top_level.txt
reading manifest file 'build/ex10/ex10.egg-info/SOURCES.txt'
writing manifest file 'build/ex10/ex10.egg-info/SOURCES.txt'
running build
running build_py
copying ex10/text_to_cmd_vel.py -> /home/vki-3/ros2_ws/src/ex10/build/ex10/build/lib/ex10
running install
running install_lib
copying /home/vki-3/ros2_ws/src/ex10/build/ex10/build/lib/ex10/text_to_cmd_vel.py -> /home/vki-3/ros2_ws/src/ex10/install/ex10/lib/python3.10/site-packages/ex10
byte-compiling /home/vki-3/ros2_ws/src/ex10/install/ex10/lib/python3.10/site-packages/ex10/text_to_cmd_vel.py to text_to_cmd_vel.cpython-310.pyc
running install_data
running install_egg_info
removing '/home/vki-3/ros2_ws/src/ex10/install/ex10/lib/python3.10/site-packages/ex10-0.0.0-py3.10.egg-info' (and everything under it)
Copying build/ex10/ex10.egg-info to /home/vki-3/ros2_ws/src/ex10/install/ex10/lib/python3.10/site-packages/ex10-0.0.0-py3.10.egg-info
running install_scripts
Installing text_to_cmd_vel script to /home/vki-3/ros2_ws/src/ex10/install/ex10/lib/ex10
writing list of installed files to '/home/vki-3/ros2_ws/src/ex10/build/ex10/install.log'
