[0.575s] Invoking command in '/home/vki-3/ros2_ws/src/ex10': PYTHONPATH=/home/vki-3/ros2_ws/src/ex10/build/ex10/prefix_override:/usr/lib/python3/dist-packages/colcon_core/task/python/colcon_distutils_commands:/home/vki-3/ros2_ws/src/ex10/install/ex10/lib/python3.10/site-packages:${PYTHONPATH} /usr/bin/python3 -W ignore:setup.py install is deprecated setup.py egg_info --egg-base build/ex10 build --build-base /home/vki-3/ros2_ws/src/ex10/build/ex10/build install --record /home/vki-3/ros2_ws/src/ex10/build/ex10/install.log --single-version-externally-managed install_data
[0.804s] running egg_info
[0.805s] writing build/ex10/ex10.egg-info/PKG-INFO
[0.805s] writing dependency_links to build/ex10/ex10.egg-info/dependency_links.txt
[0.805s] writing entry points to build/ex10/ex10.egg-info/entry_points.txt
[0.805s] writing requirements to build/ex10/ex10.egg-info/requires.txt
[0.805s] writing top-level names to build/ex10/ex10.egg-info/top_level.txt
[0.807s] reading manifest file 'build/ex10/ex10.egg-info/SOURCES.txt'
[0.807s] writing manifest file 'build/ex10/ex10.egg-info/SOURCES.txt'
[0.808s] running build
[0.808s] running build_py
[0.808s] copying ex10/text_to_cmd_vel.py -> /home/vki-3/ros2_ws/src/ex10/build/ex10/build/lib/ex10
[0.808s] running install
[0.808s] running install_lib
[0.808s] copying /home/vki-3/ros2_ws/src/ex10/build/ex10/build/lib/ex10/text_to_cmd_vel.py -> /home/vki-3/ros2_ws/src/ex10/install/ex10/lib/python3.10/site-packages/ex10
[0.809s] byte-compiling /home/vki-3/ros2_ws/src/ex10/install/ex10/lib/python3.10/site-packages/ex10/text_to_cmd_vel.py to text_to_cmd_vel.cpython-310.pyc
[0.809s] running install_data
[0.810s] running install_egg_info
[0.812s] removing '/home/vki-3/ros2_ws/src/ex10/install/ex10/lib/python3.10/site-packages/ex10-0.0.0-py3.10.egg-info' (and everything under it)
[0.812s] Copying build/ex10/ex10.egg-info to /home/vki-3/ros2_ws/src/ex10/install/ex10/lib/python3.10/site-packages/ex10-0.0.0-py3.10.egg-info
[0.813s] running install_scripts
[0.829s] Installing text_to_cmd_vel script to /home/vki-3/ros2_ws/src/ex10/install/ex10/lib/ex10
[0.830s] writing list of installed files to '/home/vki-3/ros2_ws/src/ex10/build/ex10/install.log'
[0.860s] Invoked command in '/home/vki-3/ros2_ws/src/ex10' returned '0': PYTHONPATH=/home/vki-3/ros2_ws/src/ex10/build/ex10/prefix_override:/usr/lib/python3/dist-packages/colcon_core/task/python/colcon_distutils_commands:/home/vki-3/ros2_ws/src/ex10/install/ex10/lib/python3.10/site-packages:${PYTHONPATH} /usr/bin/python3 -W ignore:setup.py install is deprecated setup.py egg_info --egg-base build/ex10 build --build-base /home/vki-3/ros2_ws/src/ex10/build/ex10/build install --record /home/vki-3/ros2_ws/src/ex10/build/ex10/install.log --single-version-externally-managed install_data
