running egg_info
creating build/ex10/ex10.egg-info
writing build/ex10/ex10.egg-info/PKG-INFO
writing dependency_links to build/ex10/ex10.egg-info/dependency_links.txt
writing entry points to build/ex10/ex10.egg-info/entry_points.txt
writing requirements to build/ex10/ex10.egg-info/requires.txt
writing top-level names to build/ex10/ex10.egg-info/top_level.txt
writing manifest file 'build/ex10/ex10.egg-info/SOURCES.txt'
reading manifest file 'build/ex10/ex10.egg-info/SOURCES.txt'
writing manifest file 'build/ex10/ex10.egg-info/SOURCES.txt'
running build
running build_py
creating /home/vki-3/ros2_ws/src/ex10/build/ex10/build
creating /home/vki-3/ros2_ws/src/ex10/build/ex10/build/lib
creating /home/vki-3/ros2_ws/src/ex10/build/ex10/build/lib/ex10
copying ex10/__init__.py -> /home/vki-3/ros2_ws/src/ex10/build/ex10/build/lib/ex10
running install
running install_lib
creating /home/vki-3/ros2_ws/src/ex10/install/ex10/lib/python3.10/site-packages/ex10
copying /home/vki-3/ros2_ws/src/ex10/build/ex10/build/lib/ex10/__init__.py -> /home/vki-3/ros2_ws/src/ex10/install/ex10/lib/python3.10/site-packages/ex10
byte-compiling /home/vki-3/ros2_ws/src/ex10/install/ex10/lib/python3.10/site-packages/ex10/__init__.py to __init__.cpython-310.pyc
running install_data
creating /home/vki-3/ros2_ws/src/ex10/install/ex10/share/ament_index
creating /home/vki-3/ros2_ws/src/ex10/install/ex10/share/ament_index/resource_index
creating /home/vki-3/ros2_ws/src/ex10/install/ex10/share/ament_index/resource_index/packages
copying resource/ex10 -> /home/vki-3/ros2_ws/src/ex10/install/ex10/share/ament_index/resource_index/packages
copying package.xml -> /home/vki-3/ros2_ws/src/ex10/install/ex10/share/ex10
running install_egg_info
Copying build/ex10/ex10.egg-info to /home/vki-3/ros2_ws/src/ex10/install/ex10/lib/python3.10/site-packages/ex10-0.0.0-py3.10.egg-info
running install_scripts
Installing text_to_cmd_vel script to /home/vki-3/ros2_ws/src/ex10/install/ex10/lib/ex10
writing list of installed files to '/home/vki-3/ros2_ws/src/ex10/build/ex10/install.log'
